Wed, Feb 18, 2026 12:02:11 PM : web1 healthy
Wed, Feb 18, 2026 12:02:12 PM : web2 healthy
Wed, Feb 18, 2026 12:02:22 PM : web1 healthy
Wed, Feb 18, 2026 12:02:22 PM : web2 healthy
Wed, Feb 18, 2026 12:02:33 PM : web1 healthy
Wed, Feb 18, 2026 12:02:33 PM : web2 healthy
Wed, Feb 18, 2026 12:02:43 PM : web1 healthy
Wed, Feb 18, 2026 12:02:44 PM : web2 healthy
Wed, Feb 18, 2026 12:02:54 PM : web1 healthy
Wed, Feb 18, 2026 12:02:54 PM : web2 healthy
Wed, Feb 18, 2026 12:03:05 PM : web1 healthy
Wed, Feb 18, 2026 12:03:05 PM : web2 healthy
Wed, Feb 18, 2026 12:03:16 PM : web1 healthy
Wed, Feb 18, 2026 12:03:16 PM : web2 healthy
Wed, Feb 18, 2026 12:03:26 PM : web1 healthy
Wed, Feb 18, 2026 12:03:27 PM : web2 healthy
Wed, Feb 18, 2026 12:03:37 PM : web1 healthy
Wed, Feb 18, 2026 12:03:37 PM : web2 healthy
Wed, Feb 18, 2026 12:03:48 PM : web1 healthy
Wed, Feb 18, 2026 12:03:48 PM : web2 healthy
Wed, Feb 18, 2026 12:03:58 PM : web1 healthy
Wed, Feb 18, 2026 12:03:59 PM : web2 healthy
Wed, Feb 18, 2026 12:04:09 PM : web1 healthy
Wed, Feb 18, 2026 12:04:09 PM : web2 healthy
Wed, Feb 18, 2026 12:04:20 PM : web1 healthy
Wed, Feb 18, 2026 12:04:20 PM : web2 healthy
Wed, Feb 18, 2026 12:04:31 PM : web1 healthy
Wed, Feb 18, 2026 12:04:31 PM : web2 healthy
Wed, Feb 18, 2026 12:04:41 PM : web1 healthy
Wed, Feb 18, 2026 12:04:42 PM : web2 healthy
Wed, Feb 18, 2026 12:04:52 PM : web1 healthy
Wed, Feb 18, 2026 12:04:52 PM : web2 healthy
Wed, Feb 18, 2026 12:05:03 PM : web1 healthy
Wed, Feb 18, 2026 12:05:03 PM : web2 healthy
Wed, Feb 18, 2026 12:12:07 PM : Drift detected on web1 — healing
Wed, Feb 18, 2026 12:12:09 PM : web1 healed successfully
Wed, Feb 18, 2026 12:12:09 PM : web2 healthy
Wed, Feb 18, 2026 12:16:25 PM : Drift detected on web1 — healing
Wed, Feb 18, 2026 12:16:26 PM : web1 healed successfully
Wed, Feb 18, 2026 12:16:27 PM : web2 healthy
Thu, Mar  5, 2026  6:08:01 PM : Drift detected on web1
Thu, Mar  5, 2026  6:08:01 PM : Drift detected on web2
Thu, Mar  5, 2026  6:16:50 PM : Drift detected on web1 — healing
Thu, Mar  5, 2026  6:16:54 PM : web1 healed successfully
Thu, Mar  5, 2026  6:16:55 PM : Drift detected on web2 — healing
Thu, Mar  5, 2026  6:16:59 PM : web2 healed successfully
Thu, Mar  5, 2026  6:17:12 PM : Drift detected on web1
Thu, Mar  5, 2026  6:17:12 PM : Drift detected on web2
Thu, Mar  5, 2026  6:24:00 PM : Drift detected on web1
Thu, Mar  5, 2026  6:24:14 PM : Drift detected on web1 — healing
Thu, Mar  5, 2026  6:24:15 PM : web1 healed successfully
Thu, Mar  5, 2026  6:24:16 PM : web2 healthy
Thu, Mar  5, 2026  6:25:59 PM : Drift detected on web1
Thu, Mar  5, 2026  6:26:00 PM : Drift detected on web1 — healing
Thu, Mar  5, 2026  6:26:01 PM : web1 healed successfully
Thu, Mar  5, 2026  6:26:02 PM : web2 healthy
Thu, Mar  5, 2026  6:26:07 PM : Drift detected on web1
Thu, Mar  5, 2026  6:26:08 PM : Drift detected on web1 — healing
Thu, Mar  5, 2026  6:26:10 PM : web1 healed successfully
Thu, Mar  5, 2026  6:26:10 PM : web2 healthy
Thu, Mar  5, 2026  6:26:16 PM : Drift detected on web1
Thu, Mar  5, 2026  6:26:17 PM : Drift detected on web1 — healing
Thu, Mar  5, 2026  6:26:18 PM : web1 healed successfully
Thu, Mar  5, 2026  6:26:19 PM : web2 healthy
Thu, Mar  5, 2026  6:26:24 PM : Drift detected on web1
Thu, Mar  5, 2026  6:26:25 PM : Drift detected on web1 — healing
Thu, Mar  5, 2026  6:26:26 PM : web1 healed successfully
Thu, Mar  5, 2026  6:26:27 PM : web2 healthy
Thu, Mar  5, 2026  6:26:32 PM : Drift detected on web1
Thu, Mar  5, 2026  6:26:33 PM : Drift detected on web1 — healing
Thu, Mar  5, 2026  6:26:35 PM : web1 healed successfully
Thu, Mar  5, 2026  6:26:35 PM : web2 healthy
Thu, Mar  5, 2026  6:36:52 PM - Drift detected on web1
Thu, Mar  5, 2026  6:36:54 PM - Auto healed web1
Thu, Mar  5, 2026  6:37:00 PM - Drift detected on web1
Thu, Mar  5, 2026  6:37:01 PM - Auto healed web1
Thu, Mar  5, 2026  6:39:45 PM - Drift detected on web1
Thu, Mar  5, 2026  6:40:05 PM - Drift detected on web1
Thu, Mar  5, 2026  6:40:09 PM - Auto healed web1
Thu, Mar  5, 2026  6:40:20 PM - Drift detected on web1
Thu, Mar  5, 2026  6:42:17 PM - Drift detected on web1
Thu, Mar  5, 2026  6:42:33 PM - Auto healed web1
Thu, Mar  5, 2026  6:44:40 PM - Drift detected on web1
Thu, Mar  5, 2026  6:44:46 PM - Drift detected on web1
Thu, Mar  5, 2026  6:44:52 PM - Drift detected on web1
Thu, Mar  5, 2026  6:44:58 PM - Drift detected on web1
Thu, Mar  5, 2026  6:46:06 PM - Auto healed web1
Thu, Mar  5, 2026  6:47:25 PM - Drift detected on web1
Thu, Mar  5, 2026  6:47:27 PM - Auto healed web1
Thu, Mar  5, 2026  6:47:33 PM - Drift detected on web1
Thu, Mar  5, 2026  6:47:34 PM - Auto healed web1
Thu, Mar  5, 2026  6:47:40 PM - Drift detected on web1
Thu, Mar  5, 2026  6:47:41 PM - Auto healed web1
Thu, Mar  5, 2026  6:47:47 PM - Drift detected on web1
Thu, Mar  5, 2026  6:47:49 PM - Auto healed web1
Thu, Mar  5, 2026  6:47:55 PM - Drift detected on web1
Thu, Mar  5, 2026  6:47:56 PM - Auto healed web1
Thu, Mar  5, 2026  6:48:02 PM - Drift detected on web1
Thu, Mar  5, 2026  6:48:03 PM - Auto healed web1
Thu, Mar  5, 2026  6:48:09 PM - Drift detected on web1
Thu, Mar  5, 2026  6:48:10 PM - Auto healed web1
Thu, Mar  5, 2026  6:48:16 PM - Drift detected on web1
Thu, Mar  5, 2026  6:48:17 PM - Auto healed web1
Thu, Mar  5, 2026  6:48:22 PM - Drift detected on web1
Thu, Mar  5, 2026  6:48:23 PM - Auto healed web1
Thu, Mar  5, 2026  6:48:29 PM - Drift detected on web1
Thu, Mar  5, 2026  6:48:30 PM - Auto healed web1
Thu, Mar  5, 2026  6:48:36 PM - Drift detected on web1
Thu, Mar  5, 2026  6:48:37 PM - Auto healed web1
Thu, Mar  5, 2026  6:48:43 PM - Drift detected on web1
Thu, Mar  5, 2026  6:48:44 PM - Auto healed web1
Thu, Mar  5, 2026  6:48:50 PM - Drift detected on web1
Thu, Mar  5, 2026  6:48:51 PM - Auto healed web1
Thu, Mar  5, 2026  6:48:57 PM - Drift detected on web1
Thu, Mar  5, 2026  6:48:59 PM - Auto healed web1
Thu, Mar  5, 2026  6:49:05 PM - Drift detected on web1
Thu, Mar  5, 2026  6:49:06 PM - Auto healed web1
Thu, Mar  5, 2026  6:49:12 PM - Drift detected on web1
Thu, Mar  5, 2026  6:49:13 PM - Auto healed web1
Thu, Mar  5, 2026  6:50:53 PM web1 DRIFT DETECTED
Thu, Mar  5, 2026  6:50:53 PM web2 healthy
Thu, Mar  5, 2026  6:50:54 PM web1 AUTO HEALED
Thu, Mar  5, 2026  6:51:00 PM web1 DRIFT DETECTED
Thu, Mar  5, 2026  6:51:00 PM web2 healthy
Thu, Mar  5, 2026  6:51:01 PM web1 AUTO HEALED
Thu, Mar  5, 2026  6:51:07 PM web1 DRIFT DETECTED
Thu, Mar  5, 2026  6:51:07 PM web2 healthy
Thu, Mar  5, 2026  6:51:08 PM web1 AUTO HEALED
Thu, Mar  5, 2026  6:51:14 PM web1 DRIFT DETECTED
Thu, Mar  5, 2026  6:51:14 PM web2 healthy
Thu, Mar  5, 2026  6:51:15 PM web1 AUTO HEALED
Thu, Mar  5, 2026  6:51:21 PM web1 DRIFT DETECTED
Thu, Mar  5, 2026  6:51:21 PM web2 healthy
Thu, Mar  5, 2026  6:51:22 PM web1 AUTO HEALED
Thu, Mar  5, 2026  6:51:28 PM web1 DRIFT DETECTED
Thu, Mar  5, 2026  6:51:28 PM web2 healthy
Thu, Mar  5, 2026  6:51:29 PM web1 AUTO HEALED
Thu, Mar  5, 2026  6:51:35 PM web1 DRIFT DETECTED
Thu, Mar  5, 2026  6:51:35 PM web2 healthy
Thu, Mar  5, 2026  6:51:36 PM web1 AUTO HEALED
Thu, Mar  5, 2026  6:51:41 PM web1 DRIFT DETECTED
Thu, Mar  5, 2026  6:51:42 PM web2 healthy
Thu, Mar  5, 2026  6:51:43 PM web1 AUTO HEALED
Thu, Mar  5, 2026  6:51:49 PM web1 DRIFT DETECTED
Thu, Mar  5, 2026  6:51:49 PM web2 healthy
Thu, Mar  5, 2026  6:51:50 PM web1 AUTO HEALED
Thu, Mar  5, 2026  6:51:56 PM web1 DRIFT DETECTED
Thu, Mar  5, 2026  6:51:56 PM web2 healthy
Thu, Mar  5, 2026  6:51:57 PM web1 AUTO HEALED
Thu, Mar  5, 2026  6:52:03 PM web1 DRIFT DETECTED
Thu, Mar  5, 2026  6:52:04 PM web2 healthy
Thu, Mar  5, 2026  6:52:04 PM web1 AUTO HEALED
Thu, Mar  5, 2026  6:52:10 PM web1 DRIFT DETECTED
Thu, Mar  5, 2026  6:52:11 PM web2 healthy
Thu, Mar  5, 2026  6:52:11 PM web1 AUTO HEALED
Thu, Mar  5, 2026  6:52:17 PM web1 DRIFT DETECTED
Thu, Mar  5, 2026  6:52:17 PM web2 healthy
Thu, Mar  5, 2026  6:52:18 PM web1 AUTO HEALED
Thu, Mar  5, 2026  6:52:23 PM web1 DRIFT DETECTED
Thu, Mar  5, 2026  6:52:24 PM web2 healthy
Thu, Mar  5, 2026  6:52:25 PM web1 AUTO HEALED
Thu, Mar  5, 2026  6:52:31 PM web1 DRIFT DETECTED
Thu, Mar  5, 2026  6:52:31 PM web2 healthy
Thu, Mar  5, 2026  6:52:32 PM web1 AUTO HEALED
Thu, Mar  5, 2026  6:52:38 PM web1 DRIFT DETECTED
Thu, Mar  5, 2026  6:52:38 PM web2 healthy
Thu, Mar  5, 2026  6:52:39 PM web1 AUTO HEALED
Thu, Mar  5, 2026  6:52:45 PM web1 DRIFT DETECTED
Thu, Mar  5, 2026  6:52:45 PM web2 healthy
Thu, Mar  5, 2026  6:52:46 PM web1 AUTO HEALED
Thu, Mar  5, 2026  6:52:52 PM web1 DRIFT DETECTED
Thu, Mar  5, 2026  6:52:52 PM web2 healthy
Thu, Mar  5, 2026  6:52:53 PM web1 AUTO HEALED
Thu, Mar  5, 2026  6:52:59 PM web1 DRIFT DETECTED
Thu, Mar  5, 2026  6:52:59 PM web2 healthy
Thu, Mar  5, 2026  6:53:00 PM web1 AUTO HEALED
Thu, Mar  5, 2026  6:53:06 PM web1 DRIFT DETECTED
Thu, Mar  5, 2026  6:53:07 PM web2 healthy
Thu, Mar  5, 2026  6:53:07 PM web1 AUTO HEALED
Thu, Mar  5, 2026  6:53:13 PM web1 DRIFT DETECTED
Thu, Mar  5, 2026  6:53:14 PM web2 healthy
Thu, Mar  5, 2026  6:53:15 PM web1 AUTO HEALED
Thu, Mar  5, 2026  6:53:21 PM web1 DRIFT DETECTED
Thu, Mar  5, 2026  6:53:21 PM web2 healthy
Thu, Mar  5, 2026  6:53:21 PM web1 AUTO HEALED
Thu, Mar  5, 2026  6:53:27 PM web1 DRIFT DETECTED
Thu, Mar  5, 2026  6:53:28 PM web2 healthy
Thu, Mar  5, 2026  6:53:29 PM web1 AUTO HEALED
Thu, Mar  5, 2026  6:53:34 PM web1 DRIFT DETECTED
Thu, Mar  5, 2026  6:53:35 PM web2 healthy
Thu, Mar  5, 2026  6:53:36 PM web1 AUTO HEALED
Thu, Mar  5, 2026  6:53:42 PM web1 DRIFT DETECTED
Thu, Mar  5, 2026  6:53:42 PM web2 healthy
Thu, Mar  5, 2026  6:53:43 PM web1 AUTO HEALED
Thu, Mar  5, 2026  6:53:49 PM web1 DRIFT DETECTED
Thu, Mar  5, 2026  6:53:49 PM web2 healthy
Thu, Mar  5, 2026  6:53:50 PM web1 AUTO HEALED
Thu, Mar  5, 2026  6:53:56 PM web1 DRIFT DETECTED
Thu, Mar  5, 2026  6:53:56 PM web2 healthy
Thu, Mar  5, 2026  6:53:57 PM web1 AUTO HEALED
Thu, Mar  5, 2026  6:54:03 PM web1 DRIFT DETECTED
Thu, Mar  5, 2026  6:54:04 PM web2 healthy
Thu, Mar  5, 2026  6:54:04 PM web1 AUTO HEALED
Thu, Mar  5, 2026  6:54:10 PM web1 DRIFT DETECTED
Thu, Mar  5, 2026  6:54:11 PM web2 healthy
Thu, Mar  5, 2026  6:54:11 PM web1 AUTO HEALED
Thu, Mar  5, 2026  6:54:17 PM web1 DRIFT DETECTED
Thu, Mar  5, 2026  6:54:18 PM web2 healthy
Thu, Mar  5, 2026  6:54:19 PM web1 AUTO HEALED
Thu, Mar  5, 2026  6:54:24 PM web1 DRIFT DETECTED
Thu, Mar  5, 2026  6:54:25 PM web2 healthy
Thu, Mar  5, 2026  6:54:26 PM web1 AUTO HEALED
Thu, Mar  5, 2026  6:54:32 PM web1 DRIFT DETECTED
Thu, Mar  5, 2026  6:54:32 PM web2 healthy
Thu, Mar  5, 2026  6:54:33 PM web1 AUTO HEALED
Thu, Mar  5, 2026  6:54:39 PM web1 DRIFT DETECTED
Thu, Mar  5, 2026  6:54:39 PM web2 healthy
Thu, Mar  5, 2026  6:54:40 PM web1 AUTO HEALED
Thu, Mar  5, 2026  6:54:46 PM web1 DRIFT DETECTED
Thu, Mar  5, 2026  6:54:46 PM web2 healthy
Thu, Mar  5, 2026  6:54:47 PM web1 AUTO HEALED
Thu, Mar  5, 2026  6:54:53 PM web1 DRIFT DETECTED
Thu, Mar  5, 2026  6:54:53 PM web2 healthy
Thu, Mar  5, 2026  6:54:54 PM web1 AUTO HEALED
Thu, Mar  5, 2026  6:55:00 PM web1 DRIFT DETECTED
Thu, Mar  5, 2026  6:55:00 PM web2 healthy
Thu, Mar  5, 2026  6:55:01 PM web1 AUTO HEALED
Thu, Mar  5, 2026  6:55:07 PM web1 DRIFT DETECTED
Thu, Mar  5, 2026  6:55:07 PM web2 healthy
Thu, Mar  5, 2026  6:55:08 PM web1 AUTO HEALED
Thu, Mar  5, 2026  6:55:14 PM web1 DRIFT DETECTED
Thu, Mar  5, 2026  6:55:14 PM web2 healthy
Thu, Mar  5, 2026  6:55:15 PM web1 AUTO HEALED
Thu, Mar  5, 2026  6:55:21 PM web1 DRIFT DETECTED
Thu, Mar  5, 2026  6:55:21 PM web2 healthy
Thu, Mar  5, 2026  6:55:22 PM web1 AUTO HEALED
Thu, Mar  5, 2026  6:55:28 PM web1 DRIFT DETECTED
Thu, Mar  5, 2026  6:55:29 PM web2 healthy
Thu, Mar  5, 2026  6:55:29 PM web1 AUTO HEALED
Thu, Mar  5, 2026  6:55:35 PM web1 DRIFT DETECTED
Thu, Mar  5, 2026  6:55:36 PM web2 healthy
Thu, Mar  5, 2026  6:55:36 PM web1 AUTO HEALED
Thu, Mar  5, 2026  6:55:42 PM web1 DRIFT DETECTED
Thu, Mar  5, 2026  6:55:43 PM web2 healthy
Thu, Mar  5, 2026  6:55:44 PM web1 AUTO HEALED
Thu, Mar  5, 2026  6:55:49 PM web1 DRIFT DETECTED
Thu, Mar  5, 2026  6:55:50 PM web2 healthy
Thu, Mar  5, 2026  6:55:51 PM web1 AUTO HEALED
Thu, Mar  5, 2026  6:55:57 PM web1 DRIFT DETECTED
Thu, Mar  5, 2026  6:55:57 PM web2 healthy
Thu, Mar  5, 2026  6:55:58 PM web1 AUTO HEALED
Thu, Mar  5, 2026  6:56:04 PM web1 DRIFT DETECTED
Thu, Mar  5, 2026  6:56:04 PM web2 healthy
Thu, Mar  5, 2026  6:56:05 PM web1 AUTO HEALED
Thu, Mar  5, 2026  6:56:11 PM web1 DRIFT DETECTED
Thu, Mar  5, 2026  6:56:11 PM web2 healthy
Thu, Mar  5, 2026  6:56:12 PM web1 AUTO HEALED
Thu, Mar  5, 2026  6:56:18 PM web1 DRIFT DETECTED
Thu, Mar  5, 2026  6:56:19 PM web2 healthy
Thu, Mar  5, 2026  6:56:19 PM web1 AUTO HEALED
Thu, Mar  5, 2026  6:56:25 PM web1 DRIFT DETECTED
Thu, Mar  5, 2026  6:56:26 PM web2 healthy
Thu, Mar  5, 2026  6:56:27 PM web1 AUTO HEALED
Thu, Mar  5, 2026  6:56:32 PM web1 DRIFT DETECTED
Thu, Mar  5, 2026  6:56:33 PM web2 healthy
Thu, Mar  5, 2026  6:56:34 PM web1 AUTO HEALED
Thu, Mar  5, 2026  6:56:39 PM web1 DRIFT DETECTED
Thu, Mar  5, 2026  6:56:40 PM web2 healthy
Thu, Mar  5, 2026  6:56:40 PM web1 AUTO HEALED
Thu, Mar  5, 2026  6:56:46 PM web1 DRIFT DETECTED
Thu, Mar  5, 2026  6:56:46 PM web2 healthy
Thu, Mar  5, 2026  6:56:47 PM web1 AUTO HEALED
Thu, Mar  5, 2026  6:56:53 PM web1 DRIFT DETECTED
Thu, Mar  5, 2026  6:56:54 PM web2 healthy
Thu, Mar  5, 2026  6:56:54 PM web1 AUTO HEALED
Thu, Mar  5, 2026  6:57:00 PM web1 DRIFT DETECTED
Thu, Mar  5, 2026  6:57:01 PM web2 healthy
Thu, Mar  5, 2026  6:57:01 PM web1 AUTO HEALED
Thu, Mar  5, 2026  6:57:07 PM web1 DRIFT DETECTED
Thu, Mar  5, 2026  6:57:08 PM web2 healthy
Thu, Mar  5, 2026  6:57:09 PM web1 AUTO HEALED
Thu, Mar  5, 2026  6:57:14 PM web1 DRIFT DETECTED
Thu, Mar  5, 2026  6:57:15 PM web2 healthy
Thu, Mar  5, 2026  6:57:16 PM web1 AUTO HEALED
Thu, Mar  5, 2026  6:57:22 PM web1 DRIFT DETECTED
Thu, Mar  5, 2026  6:57:22 PM web2 healthy
Thu, Mar  5, 2026  6:57:23 PM web1 AUTO HEALED
Thu, Mar  5, 2026  6:57:29 PM web1 DRIFT DETECTED
Thu, Mar  5, 2026  6:57:30 PM web2 healthy
Thu, Mar  5, 2026  6:57:31 PM web1 AUTO HEALED
Thu, Mar  5, 2026  6:57:36 PM web1 DRIFT DETECTED
Thu, Mar  5, 2026  6:57:37 PM web2 healthy
Thu, Mar  5, 2026  6:57:37 PM web1 AUTO HEALED
Thu, Mar  5, 2026  6:57:43 PM web1 DRIFT DETECTED
Thu, Mar  5, 2026  6:57:43 PM web2 healthy
Thu, Mar  5, 2026  6:57:44 PM web1 AUTO HEALED
Thu, Mar  5, 2026  6:57:50 PM web1 DRIFT DETECTED
Thu, Mar  5, 2026  6:57:50 PM web2 healthy
Thu, Mar  5, 2026  6:57:50 PM web1 AUTO HEALED
Thu, Mar  5, 2026  6:57:56 PM web1 DRIFT DETECTED
Thu, Mar  5, 2026  6:57:56 PM web2 healthy
Thu, Mar  5, 2026  6:57:57 PM web1 AUTO HEALED
Thu, Mar  5, 2026  6:58:03 PM web1 DRIFT DETECTED
Thu, Mar  5, 2026  6:58:03 PM web2 healthy
Thu, Mar  5, 2026  6:58:04 PM web1 AUTO HEALED
Thu, Mar  5, 2026  6:58:10 PM web1 DRIFT DETECTED
Thu, Mar  5, 2026  6:58:11 PM web2 healthy
Thu, Mar  5, 2026  6:58:11 PM web1 AUTO HEALED
Thu, Mar  5, 2026  6:58:17 PM web1 DRIFT DETECTED
Thu, Mar  5, 2026  6:58:18 PM web2 healthy
Thu, Mar  5, 2026  6:58:19 PM web1 AUTO HEALED
Thu, Mar  5, 2026  6:58:24 PM web1 DRIFT DETECTED
Thu, Mar  5, 2026  6:58:25 PM web2 healthy
Thu, Mar  5, 2026  6:58:26 PM web1 AUTO HEALED
Thu, Mar  5, 2026  6:58:32 PM web1 DRIFT DETECTED
Thu, Mar  5, 2026  6:58:32 PM web2 healthy
Thu, Mar  5, 2026  6:58:33 PM web1 AUTO HEALED
Thu, Mar  5, 2026  6:58:39 PM web1 DRIFT DETECTED
Thu, Mar  5, 2026  6:58:39 PM web2 healthy
Thu, Mar  5, 2026  6:58:40 PM web1 AUTO HEALED
Thu, Mar  5, 2026  6:58:46 PM web1 DRIFT DETECTED
Thu, Mar  5, 2026  6:58:46 PM web2 healthy
Thu, Mar  5, 2026  6:58:47 PM web1 AUTO HEALED
Thu, Mar  5, 2026  6:58:53 PM web1 DRIFT DETECTED
Thu, Mar  5, 2026  6:58:53 PM web2 healthy
Thu, Mar  5, 2026  6:58:54 PM web1 AUTO HEALED
Thu, Mar  5, 2026  6:59:00 PM web1 DRIFT DETECTED
Thu, Mar  5, 2026  6:59:00 PM web2 healthy
Thu, Mar  5, 2026  6:59:01 PM web1 AUTO HEALED
Thu, Mar  5, 2026  6:59:07 PM web1 DRIFT DETECTED
Thu, Mar  5, 2026  6:59:07 PM web2 healthy
Thu, Mar  5, 2026  6:59:08 PM web1 AUTO HEALED
Thu, Mar  5, 2026  6:59:14 PM web1 DRIFT DETECTED
Thu, Mar  5, 2026  6:59:14 PM web2 healthy
Thu, Mar  5, 2026  6:59:15 PM web1 AUTO HEALED
Thu, Mar  5, 2026  6:59:21 PM web1 DRIFT DETECTED
Thu, Mar  5, 2026  6:59:21 PM web2 healthy
Thu, Mar  5, 2026  6:59:22 PM web1 AUTO HEALED
Thu, Mar  5, 2026  6:59:28 PM web1 DRIFT DETECTED
Thu, Mar  5, 2026  6:59:28 PM web2 healthy
Thu, Mar  5, 2026  6:59:29 PM web1 AUTO HEALED
Thu, Mar  5, 2026  6:59:35 PM web1 DRIFT DETECTED
Thu, Mar  5, 2026  6:59:35 PM web2 healthy
Thu, Mar  5, 2026  6:59:36 PM web1 AUTO HEALED
Thu, Mar  5, 2026  6:59:42 PM web1 DRIFT DETECTED
Thu, Mar  5, 2026  6:59:43 PM web2 healthy
Thu, Mar  5, 2026  6:59:43 PM web1 AUTO HEALED
Thu, Mar  5, 2026  6:59:49 PM web1 DRIFT DETECTED
Thu, Mar  5, 2026  6:59:50 PM web2 healthy
Thu, Mar  5, 2026  6:59:50 PM web1 AUTO HEALED
Thu, Mar  5, 2026  6:59:56 PM web1 DRIFT DETECTED
Thu, Mar  5, 2026  6:59:57 PM web2 healthy
Thu, Mar  5, 2026  6:59:58 PM web1 AUTO HEALED
Thu, Mar  5, 2026  7:00:04 PM web1 DRIFT DETECTED
Thu, Mar  5, 2026  7:00:04 PM web2 healthy
Thu, Mar  5, 2026  7:00:05 PM web1 AUTO HEALED
Thu, Mar  5, 2026  7:00:11 PM web1 DRIFT DETECTED
Thu, Mar  5, 2026  7:00:11 PM web2 healthy
Thu, Mar  5, 2026  7:00:12 PM web1 AUTO HEALED
Thu, Mar  5, 2026  7:00:18 PM web1 DRIFT DETECTED
Thu, Mar  5, 2026  7:00:18 PM web2 healthy
Thu, Mar  5, 2026  7:00:19 PM web1 AUTO HEALED
Thu, Mar  5, 2026  7:00:25 PM web1 DRIFT DETECTED
Thu, Mar  5, 2026  7:00:25 PM web2 healthy
Thu, Mar  5, 2026  7:00:25 PM web1 AUTO HEALED
Thu, Mar  5, 2026  7:00:31 PM web1 DRIFT DETECTED
Thu, Mar  5, 2026  7:00:31 PM web2 healthy
Thu, Mar  5, 2026  7:00:32 PM web1 AUTO HEALED
Thu, Mar  5, 2026  7:00:38 PM web1 DRIFT DETECTED
Thu, Mar  5, 2026  7:00:38 PM web2 healthy
Thu, Mar  5, 2026  7:00:39 PM web1 AUTO HEALED
Thu, Mar  5, 2026  7:00:45 PM web1 DRIFT DETECTED
Thu, Mar  5, 2026  7:00:45 PM web2 healthy
Thu, Mar  5, 2026  7:00:46 PM web1 AUTO HEALED
Thu, Mar  5, 2026  7:00:52 PM web1 DRIFT DETECTED
Thu, Mar  5, 2026  7:00:52 PM web2 healthy
Thu, Mar  5, 2026  7:00:53 PM web1 AUTO HEALED
Thu, Mar  5, 2026  7:00:59 PM web1 DRIFT DETECTED
Thu, Mar  5, 2026  7:00:59 PM web2 healthy
Thu, Mar  5, 2026  7:01:00 PM web1 AUTO HEALED
Thu, Mar  5, 2026  7:01:06 PM web1 DRIFT DETECTED
Thu, Mar  5, 2026  7:01:07 PM web2 healthy
Thu, Mar  5, 2026  7:01:07 PM web1 AUTO HEALED
Thu, Mar  5, 2026  7:01:13 PM web1 DRIFT DETECTED
Thu, Mar  5, 2026  7:01:14 PM web2 healthy
Thu, Mar  5, 2026  7:01:14 PM web1 AUTO HEALED
Thu, Mar  5, 2026  7:01:20 PM web1 DRIFT DETECTED
Thu, Mar  5, 2026  7:01:21 PM web2 healthy
Thu, Mar  5, 2026  7:01:22 PM web1 AUTO HEALED
Thu, Mar  5, 2026  7:01:28 PM web1 DRIFT DETECTED
Thu, Mar  5, 2026  7:01:28 PM web2 healthy
Thu, Mar  5, 2026  7:01:29 PM web1 AUTO HEALED
Thu, Mar  5, 2026  7:01:35 PM web1 DRIFT DETECTED
Thu, Mar  5, 2026  7:01:35 PM web2 healthy
Thu, Mar  5, 2026  7:01:36 PM web1 AUTO HEALED
Thu, Mar  5, 2026  7:01:42 PM web1 DRIFT DETECTED
Thu, Mar  5, 2026  7:01:42 PM web2 healthy
Thu, Mar  5, 2026  7:01:43 PM web1 AUTO HEALED
Thu, Mar  5, 2026  7:01:49 PM web1 DRIFT DETECTED
Thu, Mar  5, 2026  7:01:49 PM web2 healthy
Thu, Mar  5, 2026  7:01:50 PM web1 AUTO HEALED
Thu, Mar  5, 2026  7:01:56 PM web1 DRIFT DETECTED
Thu, Mar  5, 2026  7:01:56 PM web2 healthy
Thu, Mar  5, 2026  7:01:57 PM web1 AUTO HEALED
Thu, Mar  5, 2026  7:02:03 PM web1 DRIFT DETECTED
Thu, Mar  5, 2026  7:02:03 PM web2 healthy
Thu, Mar  5, 2026  7:02:04 PM web1 AUTO HEALED
Thu, Mar  5, 2026  7:02:10 PM web1 DRIFT DETECTED
Thu, Mar  5, 2026  7:02:10 PM web2 healthy
Thu, Mar  5, 2026  7:02:11 PM web1 AUTO HEALED
Thu, Mar  5, 2026  7:02:17 PM web1 DRIFT DETECTED
Thu, Mar  5, 2026  7:02:17 PM web2 healthy
Thu, Mar  5, 2026  7:02:18 PM web1 AUTO HEALED
Thu, Mar  5, 2026  7:02:24 PM web1 DRIFT DETECTED
Thu, Mar  5, 2026  7:02:24 PM web2 healthy
Thu, Mar  5, 2026  7:02:25 PM web1 AUTO HEALED
Thu, Mar  5, 2026  7:02:31 PM web1 DRIFT DETECTED
Thu, Mar  5, 2026  7:02:31 PM web2 healthy
Thu, Mar  5, 2026  7:02:32 PM web1 AUTO HEALED
Thu, Mar  5, 2026  7:02:38 PM web1 DRIFT DETECTED
Thu, Mar  5, 2026  7:02:38 PM web2 healthy
Thu, Mar  5, 2026  7:02:39 PM web1 AUTO HEALED
Thu, Mar  5, 2026  7:02:45 PM web1 DRIFT DETECTED
Thu, Mar  5, 2026  7:02:45 PM web2 healthy
Thu, Mar  5, 2026  7:02:46 PM web1 AUTO HEALED
Thu, Mar  5, 2026  7:02:52 PM web1 DRIFT DETECTED
Thu, Mar  5, 2026  7:02:53 PM web2 healthy
Thu, Mar  5, 2026  7:02:53 PM web1 AUTO HEALED
Thu, Mar  5, 2026  7:02:59 PM web1 DRIFT DETECTED
Thu, Mar  5, 2026  7:03:00 PM web2 healthy
Thu, Mar  5, 2026  7:03:00 PM web1 AUTO HEALED
Thu, Mar  5, 2026  7:03:06 PM web1 DRIFT DETECTED
Thu, Mar  5, 2026  7:03:07 PM web2 healthy
Thu, Mar  5, 2026  7:03:07 PM web1 AUTO HEALED
Thu, Mar  5, 2026  7:03:13 PM web1 DRIFT DETECTED
Thu, Mar  5, 2026  7:03:14 PM web2 healthy
Thu, Mar  5, 2026  7:03:15 PM web1 AUTO HEALED
Thu, Mar  5, 2026  7:03:21 PM web1 DRIFT DETECTED
Thu, Mar  5, 2026  7:03:21 PM web2 healthy
Thu, Mar  5, 2026  7:03:22 PM web1 AUTO HEALED
Thu, Mar  5, 2026  7:03:28 PM web1 DRIFT DETECTED
Thu, Mar  5, 2026  7:03:28 PM web2 healthy
Thu, Mar  5, 2026  7:03:29 PM web1 AUTO HEALED
Thu, Mar  5, 2026  7:03:35 PM web1 DRIFT DETECTED
Thu, Mar  5, 2026  7:03:36 PM web2 healthy
Thu, Mar  5, 2026  7:03:36 PM web1 AUTO HEALED
Thu, Mar  5, 2026  7:03:42 PM web1 DRIFT DETECTED
Thu, Mar  5, 2026  7:03:43 PM web2 healthy
Thu, Mar  5, 2026  7:03:43 PM web1 AUTO HEALED
Thu, Mar  5, 2026  7:03:49 PM web1 DRIFT DETECTED
Thu, Mar  5, 2026  7:03:50 PM web2 healthy
Thu, Mar  5, 2026  7:03:51 PM web1 AUTO HEALED
Thu, Mar  5, 2026  7:03:57 PM web1 DRIFT DETECTED
Thu, Mar  5, 2026  7:03:57 PM web2 healthy
Thu, Mar  5, 2026  7:03:58 PM web1 AUTO HEALED
Thu, Mar  5, 2026  7:04:03 PM web1 DRIFT DETECTED
Thu, Mar  5, 2026  7:04:03 PM web2 healthy
Thu, Mar  5, 2026  7:04:04 PM web1 AUTO HEALED
Thu, Mar  5, 2026  7:04:10 PM web1 DRIFT DETECTED
Thu, Mar  5, 2026  7:04:10 PM web2 healthy
Thu, Mar  5, 2026  7:04:11 PM web1 AUTO HEALED
Thu, Mar  5, 2026  7:04:16 PM web1 DRIFT DETECTED
Thu, Mar  5, 2026  7:04:17 PM web2 healthy
Thu, Mar  5, 2026  7:04:17 PM web1 AUTO HEALED
Thu, Mar  5, 2026  7:04:23 PM web1 DRIFT DETECTED
Thu, Mar  5, 2026  7:04:23 PM web2 healthy
Thu, Mar  5, 2026  7:04:24 PM web1 AUTO HEALED
Thu, Mar  5, 2026  7:04:30 PM web1 DRIFT DETECTED
Thu, Mar  5, 2026  7:04:31 PM web2 healthy
Thu, Mar  5, 2026  7:04:31 PM web1 AUTO HEALED
Thu, Mar  5, 2026  7:04:37 PM web1 DRIFT DETECTED
Thu, Mar  5, 2026  7:04:38 PM web2 healthy
Thu, Mar  5, 2026  7:04:38 PM web1 AUTO HEALED
Thu, Mar  5, 2026  7:04:44 PM web1 DRIFT DETECTED
Thu, Mar  5, 2026  7:04:45 PM web2 healthy
Thu, Mar  5, 2026  7:04:45 PM web1 AUTO HEALED
Thu, Mar  5, 2026  7:04:51 PM web1 DRIFT DETECTED
Thu, Mar  5, 2026  7:04:52 PM web2 healthy
Thu, Mar  5, 2026  7:04:53 PM web1 AUTO HEALED
Thu, Mar  5, 2026  7:04:58 PM web1 DRIFT DETECTED
Thu, Mar  5, 2026  7:04:59 PM web2 healthy
Thu, Mar  5, 2026  7:05:00 PM web1 AUTO HEALED
Thu, Mar  5, 2026  7:05:06 PM web1 DRIFT DETECTED
Thu, Mar  5, 2026  7:05:06 PM web2 healthy
Thu, Mar  5, 2026  7:05:07 PM web1 AUTO HEALED
Thu, Mar  5, 2026  7:05:13 PM web1 DRIFT DETECTED
Thu, Mar  5, 2026  7:05:13 PM web2 healthy
Thu, Mar  5, 2026  7:05:14 PM web1 AUTO HEALED
Thu, Mar  5, 2026  7:05:20 PM web1 DRIFT DETECTED
Thu, Mar  5, 2026  7:05:20 PM web2 healthy
Thu, Mar  5, 2026  7:05:21 PM web1 AUTO HEALED
Thu, Mar  5, 2026  7:05:27 PM web1 DRIFT DETECTED
Thu, Mar  5, 2026  7:05:28 PM web2 healthy
Thu, Mar  5, 2026  7:05:28 PM web1 AUTO HEALED
Thu, Mar  5, 2026  7:05:34 PM web1 DRIFT DETECTED
Thu, Mar  5, 2026  7:05:35 PM web2 healthy
Thu, Mar  5, 2026  7:05:35 PM web1 AUTO HEALED
Thu, Mar  5, 2026  7:05:41 PM web1 DRIFT DETECTED
Thu, Mar  5, 2026  7:05:42 PM web2 healthy
Thu, Mar  5, 2026  7:05:42 PM web1 AUTO HEALED
Thu, Mar  5, 2026  7:05:48 PM web1 DRIFT DETECTED
Thu, Mar  5, 2026  7:05:49 PM web2 healthy
Thu, Mar  5, 2026  7:05:49 PM web1 AUTO HEALED
Thu, Mar  5, 2026  7:05:55 PM web1 DRIFT DETECTED
Thu, Mar  5, 2026  7:05:56 PM web2 healthy
Thu, Mar  5, 2026  7:05:56 PM web1 AUTO HEALED
Thu, Mar  5, 2026  7:06:02 PM web1 DRIFT DETECTED
Thu, Mar  5, 2026  7:06:03 PM web2 healthy
Thu, Mar  5, 2026  7:06:03 PM web1 AUTO HEALED
Thu, Mar  5, 2026  7:06:09 PM web1 DRIFT DETECTED
Thu, Mar  5, 2026  7:06:10 PM web2 healthy
Thu, Mar  5, 2026  7:06:10 PM web1 AUTO HEALED
Thu, Mar  5, 2026  7:06:16 PM web1 DRIFT DETECTED
Thu, Mar  5, 2026  7:06:17 PM web2 healthy
Thu, Mar  5, 2026  7:06:17 PM web1 AUTO HEALED
Thu, Mar  5, 2026  7:06:23 PM web1 DRIFT DETECTED
Thu, Mar  5, 2026  7:06:24 PM web2 healthy
Thu, Mar  5, 2026  7:06:24 PM web1 AUTO HEALED
Thu, Mar  5, 2026  7:06:30 PM web1 DRIFT DETECTED
Thu, Mar  5, 2026  7:06:31 PM web2 healthy
Thu, Mar  5, 2026  7:06:31 PM web1 AUTO HEALED
Thu, Mar  5, 2026  7:06:37 PM web1 DRIFT DETECTED
Thu, Mar  5, 2026  7:06:38 PM web2 healthy
Thu, Mar  5, 2026  7:06:39 PM web1 AUTO HEALED
Thu, Mar  5, 2026  7:06:44 PM web1 DRIFT DETECTED
Thu, Mar  5, 2026  7:06:45 PM web2 healthy
Thu, Mar  5, 2026  7:06:46 PM web1 AUTO HEALED
Thu, Mar  5, 2026  7:06:51 PM web1 DRIFT DETECTED
Thu, Mar  5, 2026  7:06:52 PM web2 healthy
Thu, Mar  5, 2026  7:06:53 PM web1 AUTO HEALED
Thu, Mar  5, 2026  7:06:59 PM web1 DRIFT DETECTED
Thu, Mar  5, 2026  7:06:59 PM web2 healthy
Thu, Mar  5, 2026  7:07:00 PM web1 AUTO HEALED
Thu, Mar  5, 2026  7:07:06 PM web1 DRIFT DETECTED
Thu, Mar  5, 2026  7:07:06 PM web2 healthy
Thu, Mar  5, 2026  7:07:07 PM web1 AUTO HEALED
Thu, Mar  5, 2026  7:07:12 PM web1 DRIFT DETECTED
Thu, Mar  5, 2026  7:07:13 PM web2 healthy
Thu, Mar  5, 2026  7:07:14 PM web1 AUTO HEALED
Thu, Mar  5, 2026  7:07:19 PM web1 DRIFT DETECTED
Thu, Mar  5, 2026  7:07:20 PM web2 healthy
Thu, Mar  5, 2026  7:07:21 PM web1 AUTO HEALED
Thu, Mar  5, 2026  7:07:26 PM web1 DRIFT DETECTED
Thu, Mar  5, 2026  7:07:27 PM web2 healthy
Thu, Mar  5, 2026  7:07:28 PM web1 AUTO HEALED
Thu, Mar  5, 2026  7:07:34 PM web1 DRIFT DETECTED
Thu, Mar  5, 2026  7:07:34 PM web2 healthy
Thu, Mar  5, 2026  7:07:35 PM web1 AUTO HEALED
Thu, Mar  5, 2026  7:07:41 PM web1 DRIFT DETECTED
Thu, Mar  5, 2026  7:07:41 PM web2 healthy
Thu, Mar  5, 2026  7:07:42 PM web1 AUTO HEALED
Thu, Mar  5, 2026  7:07:48 PM web1 DRIFT DETECTED
Thu, Mar  5, 2026  7:07:48 PM web2 healthy
Thu, Mar  5, 2026  7:07:49 PM web1 AUTO HEALED
Thu, Mar  5, 2026  7:07:55 PM web1 DRIFT DETECTED
Thu, Mar  5, 2026  7:07:55 PM web2 healthy
Thu, Mar  5, 2026  7:07:56 PM web1 AUTO HEALED
Thu, Mar  5, 2026  7:08:02 PM web1 DRIFT DETECTED
Thu, Mar  5, 2026  7:08:02 PM web2 healthy
Thu, Mar  5, 2026  7:08:03 PM web1 AUTO HEALED
Thu, Mar  5, 2026  7:08:09 PM web1 DRIFT DETECTED
Thu, Mar  5, 2026  7:08:09 PM web2 healthy
Thu, Mar  5, 2026  7:08:10 PM web1 AUTO HEALED
Thu, Mar  5, 2026  7:08:15 PM web1 DRIFT DETECTED
Thu, Mar  5, 2026  7:08:16 PM web2 healthy
Thu, Mar  5, 2026  7:08:17 PM web1 AUTO HEALED
Thu, Mar  5, 2026  7:08:22 PM web1 DRIFT DETECTED
Thu, Mar  5, 2026  7:08:23 PM web2 healthy
Thu, Mar  5, 2026  7:08:24 PM web1 AUTO HEALED
Thu, Mar  5, 2026  7:08:29 PM web1 DRIFT DETECTED
Thu, Mar  5, 2026  7:08:30 PM web2 healthy
Thu, Mar  5, 2026  7:08:30 PM web1 AUTO HEALED
Thu, Mar  5, 2026  7:08:36 PM web1 DRIFT DETECTED
Thu, Mar  5, 2026  7:08:36 PM web2 healthy
Thu, Mar  5, 2026  7:08:37 PM web1 AUTO HEALED
Thu, Mar  5, 2026  7:23:40 PM web1 DRIFT DETECTED
Thu, Mar  5, 2026  7:23:41 PM web2 healthy
Thu, Mar  5, 2026  7:23:42 PM web1 AUTO HEALED
Thu, Mar  5, 2026  7:27:14 PM web1 DRIFT DETECTED
Thu, Mar  5, 2026  7:27:14 PM web2 healthy
Thu, Mar  5, 2026  7:27:15 PM web1 AUTO HEALED
Thu, Mar  5, 2026  7:27:21 PM web1 DRIFT DETECTED
Thu, Mar  5, 2026  7:27:21 PM web2 healthy
Thu, Mar  5, 2026  7:27:22 PM web1 AUTO HEALED
Thu, Mar  5, 2026  7:27:28 PM web1 DRIFT DETECTED
Thu, Mar  5, 2026  7:27:29 PM web2 healthy
Thu, Mar  5, 2026  7:27:30 PM web1 AUTO HEALED
Thu, Mar  5, 2026  7:27:36 PM web1 DRIFT DETECTED
Thu, Mar  5, 2026  7:27:36 PM web2 healthy
Thu, Mar  5, 2026  7:27:37 PM web1 AUTO HEALED
Thu, Mar  5, 2026  7:27:43 PM web1 DRIFT DETECTED
Thu, Mar  5, 2026  7:27:43 PM web2 healthy
Thu, Mar  5, 2026  7:27:44 PM web1 AUTO HEALED
Thu, Mar  5, 2026  7:27:49 PM web1 DRIFT DETECTED
Thu, Mar  5, 2026  7:27:50 PM web2 healthy
Thu, Mar  5, 2026  7:27:50 PM web1 AUTO HEALED
Thu, Mar  5, 2026  7:27:56 PM web1 DRIFT DETECTED
Thu, Mar  5, 2026  7:27:56 PM web2 healthy
Thu, Mar  5, 2026  7:27:57 PM web1 AUTO HEALED
Thu, Mar  5, 2026  7:28:02 PM web1 DRIFT DETECTED
Thu, Mar  5, 2026  7:28:03 PM web2 healthy
Thu, Mar  5, 2026  7:28:04 PM web1 AUTO HEALED
Thu, Mar  5, 2026  7:28:10 PM web1 DRIFT DETECTED
Thu, Mar  5, 2026  7:28:10 PM web2 healthy
Thu, Mar  5, 2026  7:28:11 PM web1 AUTO HEALED
Thu, Mar  5, 2026  7:28:17 PM web1 DRIFT DETECTED
Thu, Mar  5, 2026  7:28:17 PM web2 healthy
Thu, Mar  5, 2026  7:28:18 PM web1 AUTO HEALED
Thu, Mar  5, 2026  7:28:24 PM web1 DRIFT DETECTED
Thu, Mar  5, 2026  7:28:25 PM web2 healthy
Thu, Mar  5, 2026  7:28:25 PM web1 AUTO HEALED
Thu, Mar  5, 2026  7:28:31 PM web1 DRIFT DETECTED
Thu, Mar  5, 2026  7:28:32 PM web2 healthy
Thu, Mar  5, 2026  7:28:33 PM web1 AUTO HEALED
Thu, Mar  5, 2026  7:28:39 PM web1 DRIFT DETECTED
Thu, Mar  5, 2026  7:28:39 PM web2 healthy
Thu, Mar  5, 2026  7:28:40 PM web1 AUTO HEALED
Thu, Mar  5, 2026  7:28:46 PM web1 DRIFT DETECTED
Thu, Mar  5, 2026  7:28:46 PM web2 healthy
Thu, Mar  5, 2026  7:28:47 PM web1 AUTO HEALED
Thu, Mar  5, 2026  7:28:53 PM web1 DRIFT DETECTED
Thu, Mar  5, 2026  7:28:54 PM web2 healthy
Thu, Mar  5, 2026  7:28:54 PM web1 AUTO HEALED
Thu, Mar  5, 2026  7:29:00 PM web1 DRIFT DETECTED
Thu, Mar  5, 2026  7:29:01 PM web2 healthy
Thu, Mar  5, 2026  7:29:01 PM web1 AUTO HEALED
Thu, Mar  5, 2026  7:29:07 PM web1 DRIFT DETECTED
Thu, Mar  5, 2026  7:29:08 PM web2 healthy
Thu, Mar  5, 2026  7:29:09 PM web1 AUTO HEALED
Thu, Mar  5, 2026  7:29:14 PM web1 DRIFT DETECTED
Thu, Mar  5, 2026  7:29:15 PM web2 healthy
Thu, Mar  5, 2026  7:29:15 PM web1 AUTO HEALED
Thu, Mar  5, 2026  7:29:21 PM web1 DRIFT DETECTED
Thu, Mar  5, 2026  7:29:22 PM web2 healthy
Thu, Mar  5, 2026  7:29:22 PM web1 AUTO HEALED
Thu, Mar  5, 2026  7:29:28 PM web1 DRIFT DETECTED
Thu, Mar  5, 2026  7:29:29 PM web2 healthy
Thu, Mar  5, 2026  7:29:30 PM web1 AUTO HEALED
Thu, Mar  5, 2026  7:29:35 PM web1 DRIFT DETECTED
Thu, Mar  5, 2026  7:29:36 PM web2 healthy
Thu, Mar  5, 2026  7:29:36 PM web1 AUTO HEALED
Thu, Mar  5, 2026  7:29:42 PM web1 DRIFT DETECTED
Thu, Mar  5, 2026  7:29:43 PM web2 healthy
Thu, Mar  5, 2026  7:29:43 PM web1 AUTO HEALED
Thu, Mar  5, 2026  7:29:49 PM web1 DRIFT DETECTED
Thu, Mar  5, 2026  7:29:49 PM web2 healthy
Thu, Mar  5, 2026  7:29:50 PM web1 AUTO HEALED
Thu, Mar  5, 2026  7:29:56 PM web1 DRIFT DETECTED
Thu, Mar  5, 2026  7:29:56 PM web2 healthy
Thu, Mar  5, 2026  7:29:57 PM web1 AUTO HEALED
Thu, Mar  5, 2026  7:30:02 PM web1 DRIFT DETECTED
Thu, Mar  5, 2026  7:30:03 PM web2 healthy
Thu, Mar  5, 2026  7:30:04 PM web1 AUTO HEALED
Thu, Mar  5, 2026  7:30:10 PM web1 DRIFT DETECTED
Thu, Mar  5, 2026  7:30:10 PM web2 healthy
Thu, Mar  5, 2026  7:30:11 PM web1 AUTO HEALED
Thu, Mar  5, 2026  7:30:17 PM web1 DRIFT DETECTED
Thu, Mar  5, 2026  7:30:17 PM web2 healthy
Thu, Mar  5, 2026  7:30:18 PM web1 AUTO HEALED
Thu, Mar  5, 2026  7:30:23 PM web1 DRIFT DETECTED
Thu, Mar  5, 2026  7:30:24 PM web2 healthy
Thu, Mar  5, 2026  7:30:25 PM web1 AUTO HEALED
Thu, Mar  5, 2026  7:30:31 PM web1 DRIFT DETECTED
Thu, Mar  5, 2026  7:30:31 PM web2 healthy
Thu, Mar  5, 2026  7:30:32 PM web1 AUTO HEALED
Thu, Mar  5, 2026  7:30:37 PM web1 DRIFT DETECTED
Thu, Mar  5, 2026  7:30:38 PM web2 healthy
Thu, Mar  5, 2026  7:30:38 PM web1 AUTO HEALED
Thu, Mar  5, 2026  7:30:44 PM web1 DRIFT DETECTED
Thu, Mar  5, 2026  7:30:44 PM web2 healthy
Thu, Mar  5, 2026  7:30:45 PM web1 AUTO HEALED
Thu, Mar  5, 2026  7:30:51 PM web1 DRIFT DETECTED
Thu, Mar  5, 2026  7:30:51 PM web2 healthy
Thu, Mar  5, 2026  7:30:52 PM web1 AUTO HEALED
Thu, Mar  5, 2026  7:30:58 PM web1 DRIFT DETECTED
Thu, Mar  5, 2026  7:30:58 PM web2 healthy
Thu, Mar  5, 2026  7:30:59 PM web1 AUTO HEALED
Thu, Mar  5, 2026  7:31:05 PM web1 DRIFT DETECTED
Thu, Mar  5, 2026  7:31:06 PM web2 healthy
Thu, Mar  5, 2026  7:31:06 PM web1 AUTO HEALED
Thu, Mar  5, 2026  7:31:12 PM web1 DRIFT DETECTED
Thu, Mar  5, 2026  7:31:13 PM web2 healthy
Thu, Mar  5, 2026  7:31:13 PM web1 AUTO HEALED
Thu, Mar  5, 2026  7:31:19 PM web1 DRIFT DETECTED
Thu, Mar  5, 2026  7:31:20 PM web2 healthy
Thu, Mar  5, 2026  7:31:20 PM web1 AUTO HEALED
Thu, Mar  5, 2026  7:31:26 PM web1 DRIFT DETECTED
Thu, Mar  5, 2026  7:31:27 PM web2 healthy
Thu, Mar  5, 2026  7:31:27 PM web1 AUTO HEALED
Thu, Mar  5, 2026  7:31:33 PM web1 DRIFT DETECTED
Thu, Mar  5, 2026  7:31:34 PM web2 healthy
Thu, Mar  5, 2026  7:31:34 PM web1 AUTO HEALED
Thu, Mar  5, 2026  7:31:40 PM web1 DRIFT DETECTED
Thu, Mar  5, 2026  7:31:41 PM web2 healthy
Thu, Mar  5, 2026  7:31:41 PM web1 AUTO HEALED
Thu, Mar  5, 2026  7:31:47 PM web1 DRIFT DETECTED
Thu, Mar  5, 2026  7:31:48 PM web2 healthy
Thu, Mar  5, 2026  7:31:49 PM web1 AUTO HEALED
Thu, Mar  5, 2026  7:31:54 PM web1 DRIFT DETECTED
Thu, Mar  5, 2026  7:31:55 PM web2 healthy
Thu, Mar  5, 2026  7:31:55 PM web1 AUTO HEALED
Thu, Mar  5, 2026  7:32:01 PM web1 DRIFT DETECTED
Thu, Mar  5, 2026  7:32:02 PM web2 healthy
Thu, Mar  5, 2026  7:32:02 PM web1 AUTO HEALED
Thu, Mar  5, 2026  7:32:08 PM web1 DRIFT DETECTED
Thu, Mar  5, 2026  7:32:09 PM web2 healthy
Thu, Mar  5, 2026  7:32:09 PM web1 AUTO HEALED
Thu, Mar  5, 2026  7:32:15 PM web1 DRIFT DETECTED
Thu, Mar  5, 2026  7:32:16 PM web2 healthy
Thu, Mar  5, 2026  7:32:17 PM web1 AUTO HEALED
Thu, Mar  5, 2026  7:32:22 PM web1 DRIFT DETECTED
Thu, Mar  5, 2026  7:32:23 PM web2 healthy
Thu, Mar  5, 2026  7:32:24 PM web1 AUTO HEALED
Thu, Mar  5, 2026  7:32:29 PM web1 DRIFT DETECTED
Thu, Mar  5, 2026  7:32:30 PM web2 healthy
Thu, Mar  5, 2026  7:32:31 PM web1 AUTO HEALED
Thu, Mar  5, 2026  7:32:36 PM web1 DRIFT DETECTED
Thu, Mar  5, 2026  7:32:37 PM web2 healthy
Thu, Mar  5, 2026  7:32:38 PM web1 AUTO HEALED
